Arguments: 
  D:\Tool\node\node.exe D:\Tool\yarn\bin\yarn.js init

PATH: 
  D:\Tool\cmder\vendor\git-for-windows\mingw64\bin;D:\Tool\cmder\vendor\git-for-windows\usr\bin;C:\Users\Auto\bin;C:\WINDOWS\system32;C:\WINDOWS;C:\WINDOWS\System32\Wbem;C:\WINDOWS\System32\WindowsPowerShell\v1.0;D:\opencv\build\x64\vc15\bin;E:\GO;D:\mingw64\bin;E:\MATLAB\runtime\win64;E:\MATLAB\bin;C:\WINDOWS\System32\OpenSSH;D:\Tool\cmder;D:\Tool\node;D:\Tool\yarn\bin;C:\Users\Auto\AppData\Local\Microsoft\WindowsApps;D:\OpenCV\opencv\build\x64\vc15\bin;C:\Users\Auto\AppData\Local\Programs\Microsoft VS Code\bin;C:\Users\Auto\AppData\Roaming\npm;C:\Users\Auto\AppData\Local\Yarn\bin

Yarn version: 
  1.22.5

Node version: 
  16.15.1

Platform: 
  win32 x64

Trace: 
  Error: canceled
      at Interface.<anonymous> (D:\Tool\yarn\lib\cli.js:137009:13)
      at Interface.emit (node:events:527:28)
      at Interface._ttyWrite (node:readline:1081:16)
      at ReadStream.onkeypress (node:readline:288:10)
      at ReadStream.emit (node:events:527:28)
      at emitKeys (node:internal/readline/utils:358:14)
      at emitKeys.next (<anonymous>)
      at ReadStream.onData (node:internal/readline/emitKeypressEvents:61:36)
      at ReadStream.emit (node:events:527:28)
      at addChunk (node:internal/streams/readable:315:12)

npm manifest: 
  No manifest

yarn manifest: 
  No manifest

Lockfile: 
  No lockfile
